<?xml version="1.0" encoding="UTF-8"?>
<!-- Generated by org.testng.reporters.JUnitReportReporter -->
<testsuite skipped="0" hostname="DESKTOP-I54CH6O" name="Cortex.Test.launch" tests="1" failures="0" timestamp="2020-07-14T14:46:50 IST" time="6.288" errors="0">
  <testcase name="launchsite" time="6.288" classname="Cortex.Test.launch"/>
  <system-out/>
</testsuite> <!-- Cortex.Test.launch -->
